C:\USERS\TOBIAS\DOCUMENTS\UNI\EZR\CODE\DEBUG\GL3ENGINECORE.EXE
C:\USERS\TOBIAS\DOCUMENTS\UNI\EZR\CODE\DEBUG\GL3ENGINECORE.ILK
C:\USERS\TOBIAS\DOCUMENTS\UNI\EZR\CODE\DEBUG\GL3ENGINECORE.PDB
C:\USERS\TOBIAS\DOCUMENTS\UNI\EZR\CODE\GL3ENGINECORE\DEBUG\CAMERA.OBJ
C:\Users\tobias\Documents\Uni\EZR\code\GL3EngineCore\Debug\cl.command.1.tlog
C:\Users\tobias\Documents\Uni\EZR\code\GL3EngineCore\Debug\CL.read.1.tlog
C:\Users\tobias\Documents\Uni\EZR\code\GL3EngineCore\Debug\CL.write.1.tlog
C:\USERS\TOBIAS\DOCUMENTS\UNI\EZR\CODE\GL3ENGINECORE\DEBUG\GL3ENGINECORE.EXE.EMBED.MANIFEST
C:\USERS\TOBIAS\DOCUMENTS\UNI\EZR\CODE\GL3ENGINECORE\DEBUG\GL3ENGINECORE.EXE.EMBED.MANIFEST.RES
C:\USERS\TOBIAS\DOCUMENTS\UNI\EZR\CODE\GL3ENGINECORE\DEBUG\GL3ENGINECORE.EXE.INTERMEDIATE.MANIFEST
C:\Users\tobias\Documents\Uni\EZR\code\GL3EngineCore\Debug\GL3EngineCore.write.1.tlog
C:\Users\tobias\Documents\Uni\EZR\code\GL3EngineCore\Debug\GL3EngineCore_manifest.rc
C:\Users\tobias\Documents\Uni\EZR\code\GL3EngineCore\Debug\link.command.1.tlog
C:\Users\tobias\Documents\Uni\EZR\code\GL3EngineCore\Debug\link.read.1.tlog
C:\Users\tobias\Documents\Uni\EZR\code\GL3EngineCore\Debug\link.write.1.tlog
C:\Users\tobias\Documents\Uni\EZR\code\GL3EngineCore\Debug\link-cvtres.read.1.tlog
C:\Users\tobias\Documents\Uni\EZR\code\GL3EngineCore\Debug\link-cvtres.write.1.tlog
C:\USERS\TOBIAS\DOCUMENTS\UNI\EZR\CODE\GL3ENGINECORE\DEBUG\LPVAPP.OBJ
C:\USERS\TOBIAS\DOCUMENTS\UNI\EZR\CODE\GL3ENGINECORE\DEBUG\MAIN.OBJ
C:\USERS\TOBIAS\DOCUMENTS\UNI\EZR\CODE\GL3ENGINECORE\DEBUG\MESH.OBJ
C:\Users\tobias\Documents\Uni\EZR\code\GL3EngineCore\Debug\mt.command.1.tlog
C:\Users\tobias\Documents\Uni\EZR\code\GL3EngineCore\Debug\mt.read.1.tlog
C:\Users\tobias\Documents\Uni\EZR\code\GL3EngineCore\Debug\mt.write.1.tlog
C:\USERS\TOBIAS\DOCUMENTS\UNI\EZR\CODE\GL3ENGINECORE\DEBUG\MULTIPLERENDERTARGET.OBJ
C:\USERS\TOBIAS\DOCUMENTS\UNI\EZR\CODE\GL3ENGINECORE\DEBUG\NODE.OBJ
C:\Users\tobias\Documents\Uni\EZR\code\GL3EngineCore\Debug\rc.command.1.tlog
C:\Users\tobias\Documents\Uni\EZR\code\GL3EngineCore\Debug\rc.read.1.tlog
C:\Users\tobias\Documents\Uni\EZR\code\GL3EngineCore\Debug\rc.write.1.tlog
C:\USERS\TOBIAS\DOCUMENTS\UNI\EZR\CODE\GL3ENGINECORE\DEBUG\SHADER.OBJ
C:\USERS\TOBIAS\DOCUMENTS\UNI\EZR\CODE\GL3ENGINECORE\DEBUG\TEXTURE.OBJ
C:\Users\tobias\Documents\Uni\EZR\code\GL3EngineCore\Debug\vc100.idb
C:\USERS\TOBIAS\DOCUMENTS\UNI\EZR\CODE\GL3ENGINECORE\DEBUG\VC100.PDB
