Build started 24.09.2011 10:47:50.
     1>Project "C:\Users\tobias\Documents\Uni\EZR\code\GL3EngineCore\GL3EngineCore.vcxproj" on node 2 (build target(s)).
     1>InitializeBuildStatus:
         Touching "Debug\GL3EngineCore.unsuccessfulbuild".
       ClCompile:
         c:\Program Files\Microsoft Visual Studio 10.0\VC\bin\CL.exe /c /IC:\Users\tobias\Documents\Uni\EZR\code\win32inc /Zi /nologo /W3 /WX- /Od /Oy- /D WIN32 /D _DEBUG /D _CONSOLE /D WIN /D _UNICODE /D UNICODE /Gm /EHsc /RTC1 /MDd /GS /fp:precise /Zc:wchar_t /Zc:forScope /Fo"Debug\\" /Fd"Debug\vc100.pdb" /Gd /TP /analyze- /errorReport:prompt LPVApp.cpp
         LPVApp.cpp
       ManifestResourceCompile:
         All outputs are up-to-date.
       Link:
         c:\Program Files\Microsoft Visual Studio 10.0\VC\bin\link.exe /ERRORREPORT:PROMPT /OUT:"C:\Users\tobias\Documents\Uni\EZR\code\Debug\GL3EngineCore.exe" /INCREMENTAL /NOLOGO /LIBPATH:C:\Users\tobias\Documents\Uni\EZR\code\win32lib assimp.lib freeglut.lib glew32.lib opengl32.lib kernel32.lib user32.lib gdi32.lib winspool.lib comdlg32.lib advapi32.lib shell32.lib ole32.lib oleaut32.lib uuid.lib odbc32.lib odbccp32.lib /MANIFEST /ManifestFile:"Debug\GL3EngineCore.exe.intermediate.manifest" /MANIFESTUAC:"level='asInvoker' uiAccess='false'" /DEBUG /PDB:"C:\Users\tobias\Documents\Uni\EZR\code\Debug\GL3EngineCore.pdb" /SUBSYSTEM:CONSOLE /TLBID:1 /DYNAMICBASE /NXCOMPAT /IMPLIB:"C:\Users\tobias\Documents\Uni\EZR\code\Debug\GL3EngineCore.lib" /MACHINE:X86 Debug\GL3EngineCore.exe.embed.manifest.res
         Debug\Camera.obj
         Debug\LPVApp.obj
         Debug\main.obj
         Debug\Mesh.obj
         Debug\MultipleRenderTarget.obj
         Debug\Node.obj
         Debug\shader.obj
         Debug\Texture.obj
       Manifest:
         C:\Program Files\Microsoft SDKs\Windows\v7.0A\bin\mt.exe /nologo /verbose /out:"Debug\GL3EngineCore.exe.embed.manifest" /manifest Debug\GL3EngineCore.exe.intermediate.manifest
         All outputs are up-to-date.
       LinkEmbedManifest:
         All outputs are up-to-date.
         GL3EngineCore.vcxproj -> C:\Users\tobias\Documents\Uni\EZR\code\Debug\GL3EngineCore.exe
       FinalizeBuildStatus:
         Deleting file "Debug\GL3EngineCore.unsuccessfulbuild".
         Touching "Debug\GL3EngineCore.lastbuildstate".
     1>Done Building Project "C:\Users\tobias\Documents\Uni\EZR\code\GL3EngineCore\GL3EngineCore.vcxproj" (build target(s)).

Build succeeded.

Time Elapsed 00:00:02.16
